E:\github\marmoset\marmobase\marmobase\jsbin\Game3dDemo.js
E:\github\marmoset\marmobase\marmobase\jsbin\Game3dDemo.js.map
E:\github\marmoset\marmobase\marmobase\jsbin\Game2dDemo.js
E:\github\marmoset\marmobase\marmobase\jsbin\Game2dDemo.js.map
E:\github\marmoset\marmobase\marmobase\jsbin\LayaLaunch.js
E:\github\marmoset\marmobase\marmobase\jsbin\LayaLaunch.js.map
E:\github\marmoset\marmobase\marmobase\jsbin\marmoset\depth\DepthRectSprite.js
E:\github\marmoset\marmobase\marmobase\jsbin\marmoset\depth\DepthRectSprite.js.map
E:\github\marmoset\marmobase\marmobase\jsbin\marmoset\depth\DetphTestRectSprite.js
E:\github\marmoset\marmobase\marmobase\jsbin\marmoset\depth\DetphTestRectSprite.js.map
E:\github\marmoset\marmobase\marmobase\jsbin\marmoset\Marmoset3dScene.js
E:\github\marmoset\marmobase\marmobase\jsbin\marmoset\Marmoset3dScene.js.map
E:\github\marmoset\marmobase\marmobase\jsbin\marmoset\MarmosetLaunch.js
E:\github\marmoset\marmobase\marmobase\jsbin\marmoset\MarmosetLaunch.js.map
E:\github\marmoset\marmobase\marmobase\jsbin\marmoset\MarmosetLightVo.js
E:\github\marmoset\marmobase\marmobase\jsbin\marmoset\MarmosetLightVo.js.map
E:\github\marmoset\marmobase\marmobase\jsbin\marmoset\MarmosetModel.js
E:\github\marmoset\marmobase\marmobase\jsbin\marmoset\MarmosetModel.js.map
E:\github\marmoset\marmobase\marmobase\jsbin\marmoset\Mars3Dmesh.js
E:\github\marmoset\marmobase\marmobase\jsbin\marmoset\Mars3Dmesh.js.map
E:\github\marmoset\marmobase\marmobase\jsbin\marmoset\PicShowDiplay3dSprite.js
E:\github\marmoset\marmobase\marmobase\jsbin\marmoset\PicShowDiplay3dSprite.js.map
E:\github\marmoset\marmobase\marmobase\jsbin\SceneLevel.js
E:\github\marmoset\marmobase\marmobase\jsbin\SceneLevel.js.map
E:\github\marmoset\marmobase\marmobase\jsbin\scenemos\TextEditStart.js
E:\github\marmoset\marmobase\marmobase\jsbin\scenemos\TextEditStart.js.map
