E:\github\marmoset\marmoshadow\marmoshadow\jsbin\base\BaseSprite.js
E:\github\marmoset\marmoshadow\marmoshadow\jsbin\base\BaseSprite.js.map
E:\github\marmoset\marmoshadow\marmoshadow\jsbin\base\dis\BaseRectSprite.js
E:\github\marmoset\marmoshadow\marmoshadow\jsbin\base\dis\BaseRectSprite.js.map
E:\github\marmoset\marmoshadow\marmoshadow\jsbin\base\dis\DepthRectSprite.js
E:\github\marmoset\marmoshadow\marmoshadow\jsbin\base\dis\DepthRectSprite.js.map
E:\github\marmoset\marmoshadow\marmoshadow\jsbin\base\dis\DetphTestRectSprite.js
E:\github\marmoset\marmoshadow\marmoshadow\jsbin\base\dis\DetphTestRectSprite.js.map
E:\github\marmoset\marmoshadow\marmoshadow\jsbin\marmoset\InsetMarmosetSprite.js
E:\github\marmoset\marmoshadow\marmoshadow\jsbin\marmoset\InsetMarmosetSprite.js.map
E:\github\marmoset\marmoshadow\marmoshadow\jsbin\marmoset\Marmoset3dScene.js
E:\github\marmoset\marmoshadow\marmoshadow\jsbin\marmoset\Marmoset3dScene.js.map
E:\github\marmoset\marmoshadow\marmoshadow\jsbin\marmoset\MarmosetLaunch.js
E:\github\marmoset\marmoshadow\marmoshadow\jsbin\marmoset\MarmosetLaunch.js.map
E:\github\marmoset\marmoshadow\marmoshadow\jsbin\marmoset\MarmosetLightVo.js
E:\github\marmoset\marmoshadow\marmoshadow\jsbin\marmoset\MarmosetLightVo.js.map
E:\github\marmoset\marmoshadow\marmoshadow\jsbin\base\mormosetlib\MarmosetModel.js
E:\github\marmoset\marmoshadow\marmoshadow\jsbin\base\mormosetlib\MarmosetModel.js.map
E:\github\marmoset\marmoshadow\marmoshadow\jsbin\base\mormosetlib\Mars3Dmesh.js
E:\github\marmoset\marmoshadow\marmoshadow\jsbin\base\mormosetlib\Mars3Dmesh.js.map
E:\github\marmoset\marmoshadow\marmoshadow\jsbin\marmoset\PicShowDiplay3dSprite.js
E:\github\marmoset\marmoshadow\marmoshadow\jsbin\marmoset\PicShowDiplay3dSprite.js.map
E:\github\marmoset\marmoshadow\marmoshadow\jsbin\samedata\BaseCavanRectSprite.js
E:\github\marmoset\marmoshadow\marmoshadow\jsbin\samedata\BaseCavanRectSprite.js.map
E:\github\marmoset\marmoshadow\marmoshadow\jsbin\samedata\BaseSametRectSprite.js
E:\github\marmoset\marmoshadow\marmoshadow\jsbin\samedata\BaseSametRectSprite.js.map
E:\github\marmoset\marmoshadow\marmoshadow\jsbin\samedata\DrawRenderSprite.js
E:\github\marmoset\marmoshadow\marmoshadow\jsbin\samedata\DrawRenderSprite.js.map
E:\github\marmoset\marmoshadow\marmoshadow\jsbin\samedata\SamedataModel.js
E:\github\marmoset\marmoshadow\marmoshadow\jsbin\samedata\SamedataModel.js.map
E:\github\marmoset\marmoshadow\marmoshadow\jsbin\samedata\SamePanSprite.js
E:\github\marmoset\marmoshadow\marmoshadow\jsbin\samedata\SamePanSprite.js.map
E:\github\marmoset\marmoshadow\marmoshadow\jsbin\samedata\SamePicSprite.js
E:\github\marmoset\marmoshadow\marmoshadow\jsbin\samedata\SamePicSprite.js.map
